This is pdfTeX, Version 3.14159265-2.6-1.40.21 (TeX Live 2020) (preloaded format=pdflatex 2021.1.26)  8 APR 2021 07:30
entering extended mode
 restricted \write18 enabled.
 file:line:error style messages enabled.
 %&-line parsing enabled.
**book.tex
(./book.tex
LaTeX2e <2020-02-02> patch level 5
L3 programming layer <2020-03-06>
(/usr/local/texlive/2020/texmf-dist/tex/latex/base/article.cls
Document Class: article 2019/12/20 v1.4l Standard LaTeX document class
(/usr/local/texlive/2020/texmf-dist/tex/latex/base/size10.clo
File: size10.clo 2019/12/20 v1.4l Standard LaTeX file (size option)
)
\c@part=\count167
\c@section=\count168
\c@subsection=\count169
\c@subsubsection=\count170
\c@paragraph=\count171
\c@subparagraph=\count172
\c@figure=\count173
\c@table=\count174
\abovecaptionskip=\skip47
\belowcaptionskip=\skip48
\bibindent=\dimen134
)
(/usr/local/texlive/2020/texmf-dist/tex/latex/base/inputenc.sty
Package: inputenc 2018/08/11 v1.3c Input encoding file
\inpenc@prehook=\toks15
\inpenc@posthook=\toks16
)
(/usr/local/texlive/2020/texmf-dist/tex/generic/babel/babel.sty
Package: babel 2020/03/22 3.42 The Babel package

(/usr/local/texlive/2020/texmf-dist/tex/generic/babel/switch.def
File: switch.def 2020/03/22 3.42 Babel switching mechanism
)
(/usr/local/texlive/2020/texmf-dist/tex/generic/babel-english/english.ldf
Language: english 2017/06/06 v3.3r English support from the babel system

(/usr/local/texlive/2020/texmf-dist/tex/generic/babel/babel.def
File: babel.def 2020/03/22 3.42 Babel common definitions
\babel@savecnt=\count175
\U@D=\dimen135

(/usr/local/texlive/2020/texmf-dist/tex/generic/babel/txtbabel.def)
\bbl@readstream=\read2
\bbl@dirlevel=\count176
)
Package babel Info: \l@canadian = using hyphenrules for english
(babel)             (\language0) on input line 102.
Package babel Info: \l@australian = using hyphenrules for ukenglish
(babel)             (\language21) on input line 105.
Package babel Info: \l@newzealand = using hyphenrules for ukenglish
(babel)             (\language21) on input line 108.
))
(/usr/local/texlive/2020/texmf-dist/tex/latex/blindtext/blindtext.sty
Package: blindtext 2012/01/06 V2.0 blindtext-Package

(/usr/local/texlive/2020/texmf-dist/tex/latex/tools/xspace.sty
Package: xspace 2014/10/28 v1.13 Space after command names (DPC,MH)
)
\c@blindtext=\count177
\c@Blindtext=\count178
\c@blind@countparstart=\count179
\blind@countxx=\count180
\blindtext@numBlindtext=\count181
\blind@countyy=\count182
\c@blindlist=\count183
\c@blindlistlevel=\count184
\c@blindlist@level=\count185
\blind@listitem=\count186
\c@blind@listcount=\count187
\c@blind@levelcount=\count188
\blind@mathformula=\count189
\blind@Mathformula=\count190
\c@blind@randomcount=\count191
\c@blind@randommax=\count192
\c@blind@pangramcount=\count193
\c@blind@pangrammax=\count194
)
(/usr/local/texlive/2020/texmf-dist/tex/latex/listings/listings.sty
(/usr/local/texlive/2020/texmf-dist/tex/latex/graphics/keyval.sty
Package: keyval 2014/10/28 v1.15 key=value parser (DPC)
\KV@toks@=\toks17
)
\lst@mode=\count195
\lst@gtempboxa=\box45
\lst@token=\toks18
\lst@length=\count196
\lst@currlwidth=\dimen136
\lst@column=\count197
\lst@pos=\count198
\lst@lostspace=\dimen137
\lst@width=\dimen138
\lst@newlines=\count199
\lst@lineno=\count266
\lst@maxwidth=\dimen139

(/usr/local/texlive/2020/texmf-dist/tex/latex/listings/lstmisc.sty
File: lstmisc.sty 2020/03/24 1.8d (Carsten Heinz)
\c@lstnumber=\count267
\lst@skipnumbers=\count268
\lst@framebox=\box46
)
(/usr/local/texlive/2020/texmf-dist/tex/latex/listings/listings.cfg
File: listings.cfg 2020/03/24 1.8d listings configuration
))
Package: listings 2020/03/24 1.8d (Carsten Heinz)

(/usr/local/texlive/2020/texmf-dist/tex/latex/graphics/color.sty
Package: color 2019/11/23 v1.2a Standard LaTeX Color (DPC)

(/usr/local/texlive/2020/texmf-dist/tex/latex/graphics-cfg/color.cfg
File: color.cfg 2016/01/02 v1.6 sample color configuration
)
Package color Info: Driver file: pdftex.def on input line 147.

(/usr/local/texlive/2020/texmf-dist/tex/latex/graphics-def/pdftex.def
File: pdftex.def 2018/01/08 v1.0l Graphics/color driver for pdftex
))
(/usr/local/texlive/2020/texmf-dist/tex/latex/amsmath/amsmath.sty
Package: amsmath 2020/01/20 v2.17e AMS math features
\@mathmargin=\skip49

For additional information on amsmath, use the `?' option.
(/usr/local/texlive/2020/texmf-dist/tex/latex/amsmath/amstext.sty
Package: amstext 2000/06/29 v2.01 AMS text

(/usr/local/texlive/2020/texmf-dist/tex/latex/amsmath/amsgen.sty
File: amsgen.sty 1999/11/30 v2.0 generic functions
\@emptytoks=\toks19
\ex@=\dimen140
))
(/usr/local/texlive/2020/texmf-dist/tex/latex/amsmath/amsbsy.sty
Package: amsbsy 1999/11/29 v1.2d Bold Symbols
\pmbraise@=\dimen141
)
(/usr/local/texlive/2020/texmf-dist/tex/latex/amsmath/amsopn.sty
Package: amsopn 2016/03/08 v2.02 operator names
)
\inf@bad=\count269
LaTeX Info: Redefining \frac on input line 227.
\uproot@=\count270
\leftroot@=\count271
LaTeX Info: Redefining \overline on input line 389.
\classnum@=\count272
\DOTSCASE@=\count273
LaTeX Info: Redefining \ldots on input line 486.
LaTeX Info: Redefining \dots on input line 489.
LaTeX Info: Redefining \cdots on input line 610.
\Mathstrutbox@=\box47
\strutbox@=\box48
\big@size=\dimen142
LaTeX Font Info:    Redeclaring font encoding OML on input line 733.
LaTeX Font Info:    Redeclaring font encoding OMS on input line 734.
\macc@depth=\count274
\c@MaxMatrixCols=\count275
\dotsspace@=\muskip16
\c@parentequation=\count276
\dspbrk@lvl=\count277
\tag@help=\toks20
\row@=\count278
\column@=\count279
\maxfields@=\count280
\andhelp@=\toks21
\eqnshift@=\dimen143
\alignsep@=\dimen144
\tagshift@=\dimen145
\tagwidth@=\dimen146
\totwidth@=\dimen147
\lineht@=\dimen148
\@envbody=\toks22
\multlinegap=\skip50
\multlinetaggap=\skip51
\mathdisplay@stack=\toks23
LaTeX Info: Redefining \[ on input line 2859.
LaTeX Info: Redefining \] on input line 2860.
)
(/usr/local/texlive/2020/texmf-dist/tex/latex/graphics/graphicx.sty
Package: graphicx 2019/11/30 v1.2a Enhanced LaTeX Graphics (DPC,SPQR)

(/usr/local/texlive/2020/texmf-dist/tex/latex/graphics/graphics.sty
Package: graphics 2019/11/30 v1.4a Standard LaTeX Graphics (DPC,SPQR)

(/usr/local/texlive/2020/texmf-dist/tex/latex/graphics/trig.sty
Package: trig 2016/01/03 v1.10 sin cos tan (DPC)
)
(/usr/local/texlive/2020/texmf-dist/tex/latex/graphics-cfg/graphics.cfg
File: graphics.cfg 2016/06/04 v1.11 sample graphics configuration
)
Package graphics Info: Driver file: pdftex.def on input line 105.
)
\Gin@req@height=\dimen149
\Gin@req@width=\dimen150
)
(/usr/local/texlive/2020/texmf-dist/tex/latex/subfiles/subfiles.sty
Package: subfiles 2020/02/14 v1.6 Multi-file projects (package)

(/usr/local/texlive/2020/texmf-dist/tex/latex/import/import.sty
Package: import 2020/01/22  v 6.0
))
(/usr/local/texlive/2020/texmf-dist/tex/latex/tools/multicol.sty
Package: multicol 2019/12/09 v1.8y multicolumn formatting (FMi)
\c@tracingmulticols=\count281
\mult@box=\box49
\multicol@leftmargin=\dimen151
\c@unbalance=\count282
\c@collectmore=\count283
\doublecol@number=\count284
\multicoltolerance=\count285
\multicolpretolerance=\count286
\full@width=\dimen152
\page@free=\dimen153
\premulticols=\dimen154
\postmulticols=\dimen155
\multicolsep=\skip52
\multicolbaselineskip=\skip53
\partial@page=\box50
\last@line=\box51
\maxbalancingoverflow=\dimen156
\mult@rightbox=\box52
\mult@grightbox=\box53
\mult@gfirstbox=\box54
\mult@firstbox=\box55
\@tempa=\box56
\@tempa=\box57
\@tempa=\box58
\@tempa=\box59
\@tempa=\box60
\@tempa=\box61
\@tempa=\box62
\@tempa=\box63
\@tempa=\box64
\@tempa=\box65
\@tempa=\box66
\@tempa=\box67
\@tempa=\box68
\@tempa=\box69
\@tempa=\box70
\@tempa=\box71
\@tempa=\box72
\@tempa=\box73
\@tempa=\box74
\@tempa=\box75
\@tempa=\box76
\@tempa=\box77
\@tempa=\box78
\@tempa=\box79
\@tempa=\box80
\@tempa=\box81
\@tempa=\box82
\@tempa=\box83
\@tempa=\box84
\@tempa=\box85
\@tempa=\box86
\@tempa=\box87
\@tempa=\box88
\@tempa=\box89
\@tempa=\box90
\@tempa=\box91
\@tempa=\box92
\c@minrows=\count287
\c@columnbadness=\count288
\c@finalcolumnbadness=\count289
\last@try=\dimen157
\multicolovershoot=\dimen158
\multicolundershoot=\dimen159
\mult@nat@firstbox=\box93
\colbreak@box=\box94
\mc@col@check@num=\count290
)
(/usr/local/texlive/2020/texmf-dist/tex/latex/listings/lstlang1.sty
File: lstlang1.sty 2020/03/24 1.8d listings language file
)
(/usr/local/texlive/2020/texmf-dist/tex/latex/listings/lstlang1.sty
File: lstlang1.sty 2020/03/24 1.8d listings language file
)
(/usr/local/texlive/2020/texmf-dist/tex/latex/listings/lstmisc.sty
File: lstmisc.sty 2020/03/24 1.8d (Carsten Heinz)
)
(/usr/local/texlive/2020/texmf-dist/tex/latex/l3backend/l3backend-pdfmode.def
File: l3backend-pdfmode.def 2020-03-12 L3 backend support: PDF mode
\l__kernel_color_stack_int=\count291
\l__pdf_internal_box=\box95
)
(/Users/user/CLionProjects/experimental/out/book.aux)
\openout1 = `book.aux'.

LaTeX Font Info:    Checking defaults for OML/cmm/m/it on input line 38.
LaTeX Font Info:    ... okay on input line 38.
LaTeX Font Info:    Checking defaults for OMS/cmsy/m/n on input line 38.
LaTeX Font Info:    ... okay on input line 38.
LaTeX Font Info:    Checking defaults for OT1/cmr/m/n on input line 38.
LaTeX Font Info:    ... okay on input line 38.
LaTeX Font Info:    Checking defaults for T1/cmr/m/n on input line 38.
LaTeX Font Info:    ... okay on input line 38.
LaTeX Font Info:    Checking defaults for TS1/cmr/m/n on input line 38.
LaTeX Font Info:    ... okay on input line 38.
LaTeX Font Info:    Checking defaults for OMX/cmex/m/n on input line 38.
LaTeX Font Info:    ... okay on input line 38.
LaTeX Font Info:    Checking defaults for U/cmr/m/n on input line 38.
LaTeX Font Info:    ... okay on input line 38.
\c@lstlisting=\count292

(/usr/local/texlive/2020/texmf-dist/tex/context/base/mkii/supp-pdf.mkii
[Loading MPS to PDF converter (version 2006.09.02).]
\scratchcounter=\count293
\scratchdimen=\dimen160
\scratchbox=\box96
\nofMPsegments=\count294
\nofMParguments=\count295
\everyMPshowfont=\toks24
\MPscratchCnt=\count296
\MPscratchDim=\dimen161
\MPnumerator=\count297
\makeMPintoPDFobject=\count298
\everyMPtoPDFconversion=\toks25
) (/usr/local/texlive/2020/texmf-dist/tex/latex/epstopdf-pkg/epstopdf-base.sty
Package: epstopdf-base 2020-01-24 v2.11 Base part for package epstopdf
Package epstopdf-base Info: Redefining graphics rule for `.eps' on input line 4
85.

(/usr/local/texlive/2020/texmf-dist/tex/latex/latexconfig/epstopdf-sys.cfg
File: epstopdf-sys.cfg 2010/07/13 v1.3 Configuration of (r)epstopdf for TeX Liv
e
))
(./design_principles/desing_principles.tex [1

{/usr/local/texlive/2020/texmf-var/fonts/map/pdftex/updmap/pdftex.map}] [2]
<design_principles/liskov_substitution_principle.png, id=15, 786.94pt x 695.598
75pt>
File: design_principles/liskov_substitution_principle.png Graphic file (type pn
g)
<use design_principles/liskov_substitution_principle.png>
Package pdftex.def Info: design_principles/liskov_substitution_principle.png  u
sed on input line 92.
(pdftex.def)             Requested size: 157.38521pt x 139.11728pt.
<design_principles/liskov_substitution_principle2.png, id=16, 772.8875pt x 609.
27625pt>
File: design_principles/liskov_substitution_principle2.png Graphic file (type p
ng)
<use design_principles/liskov_substitution_principle2.png>
Package pdftex.def Info: design_principles/liskov_substitution_principle2.png  
used on input line 93.
(pdftex.def)             Requested size: 154.57475pt x 121.85309pt.
 [3 <./design_principles/liskov_substitution_principle.png (PNG copy)> <./desig
n_principles/liskov_substitution_principle2.png (PNG copy)>]
<design_principles/interface_segregation_principle.png, id=20, 1825.82124pt x 7
17.68124pt>
File: design_principles/interface_segregation_principle.png Graphic file (type 
png)
<use design_principles/interface_segregation_principle.png>
Package pdftex.def Info: design_principles/interface_segregation_principle.png 
 used on input line 112.
(pdftex.def)             Requested size: 365.15778pt x 143.5337pt.

Overfull \hbox (45.1578pt too wide) in paragraph at lines 110--113
[] 
 []

[4 <./design_principles/interface_segregation_principle.png (PNG copy)>]
<design_principles/dependency_inversion_principle.png, id=24, 1849.91125pt x 77
7.90625pt>
File: design_principles/dependency_inversion_principle.png Graphic file (type p
ng)
<use design_principles/dependency_inversion_principle.png>
Package pdftex.def Info: design_principles/dependency_inversion_principle.png  
used on input line 130.
(pdftex.def)             Requested size: 369.9757pt x 155.57849pt.

Overfull \hbox (49.97572pt too wide) in paragraph at lines 128--131
[] 
 []

) (./design_patterns/design_patterns.tex)
(./design_patterns/creational/creational_patterns.tex [5 <./design_principles/d
ependency_inversion_principle.png (PNG copy)>]
<design_patterns/creational/factories/3__simple_factory_pattern.png, id=28, 133
2.98pt x 517.935pt>
File: design_patterns/creational/factories/3__simple_factory_pattern.png Graphi
c file (type png)
<use design_patterns/creational/factories/3__simple_factory_pattern.png>
Package pdftex.def Info: design_patterns/creational/factories/3__simple_factory
_pattern.png  used on input line 38.
(pdftex.def)             Requested size: 266.59128pt x 103.58516pt.
 [6 <./design_patterns/creational/factories/3__simple_factory_pattern.png (PNG 
copy)>]
<design_patterns/creational/factories/5__factory_method_pattern_general.png, id
=34, 1669.23625pt x 669.50125pt>
File: design_patterns/creational/factories/5__factory_method_pattern_general.pn
g Graphic file (type png)
<use design_patterns/creational/factories/5__factory_method_pattern_general.png
>
Package pdftex.def Info: design_patterns/creational/factories/5__factory_method
_pattern_general.png  used on input line 89.
(pdftex.def)             Requested size: 333.84134pt x 133.89787pt.

Overfull \hbox (13.84137pt too wide) in paragraph at lines 87--90
[] 
 []

[7 <./design_patterns/creational/factories/5__factory_method_pattern_general.pn
g (PNG copy)>]
<design_patterns/creational/builder/1__builder_pattern.png, id=39, 1227.58624pt
 x 661.47125pt>
File: design_patterns/creational/builder/1__builder_pattern.png Graphic file (t
ype png)
<use design_patterns/creational/builder/1__builder_pattern.png>
Package pdftex.def Info: design_patterns/creational/builder/1__builder_pattern.
png  used on input line 222.
(pdftex.def)             Requested size: 245.5129pt x 132.2919pt.
 [8]
<design_patterns/creational/builder/2__builder_pattern_car.png, id=43, 1000.738
75pt x 530.98375pt>
File: design_patterns/creational/builder/2__builder_pattern_car.png Graphic fil
e (type png)
<use design_patterns/creational/builder/2__builder_pattern_car.png>
Package pdftex.def Info: design_patterns/creational/builder/2__builder_pattern_
car.png  used on input line 231.
(pdftex.def)             Requested size: 200.14421pt x 106.19485pt.
 [9 <./design_patterns/creational/builder/1__builder_pattern.png (PNG copy)> <.
/design_patterns/creational/builder/2__builder_pattern_car.png (PNG copy)>]
<design_patterns/creational/prototype/1__prototype.png, id=47, 1425.325pt x 515
.9275pt>
File: design_patterns/creational/prototype/1__prototype.png Graphic file (type 
png)
<use design_patterns/creational/prototype/1__prototype.png>
Package pdftex.def Info: design_patterns/creational/prototype/1__prototype.png 
 used on input line 326.
(pdftex.def)             Requested size: 285.05995pt x 103.18367pt.
 [10 <./design_patterns/creational/prototype/1__prototype.png (PNG copy)>]
<design_patterns/creational/singleton/1__singleton.png, id=51, 287.0725pt x 207
.77625pt>
File: design_patterns/creational/singleton/1__singleton.png Graphic file (type 
png)
<use design_patterns/creational/singleton/1__singleton.png>
Package pdftex.def Info: design_patterns/creational/singleton/1__singleton.png 
 used on input line 401.
(pdftex.def)             Requested size: 57.41347pt x 41.5545pt.
 [11 <./design_patterns/creational/singleton/1__singleton.png (PNG copy)>]) (./
design_patterns/behavioral/behavioral_patterns.tex
<design_patterns/behavioral/command/1__command.png, id=55, 1798.72pt x 1193.458
76pt>
File: design_patterns/behavioral/command/1__command.png Graphic file (type png)

<use design_patterns/behavioral/command/1__command.png>
Package pdftex.def Info: design_patterns/behavioral/command/1__command.png  use
d on input line 22.
(pdftex.def)             Requested size: 269.79636pt x 179.01108pt.
 [12 <./design_patterns/behavioral/command/1__command.png (PNG copy)>]
<design_patterns/behavioral/iterator/2__iterator.png, id=59, 1869.98625pt x 897
.3525pt>
File: design_patterns/behavioral/iterator/2__iterator.png Graphic file (type pn
g)
<use design_patterns/behavioral/iterator/2__iterator.png>
Package pdftex.def Info: design_patterns/behavioral/iterator/2__iterator.png  u
sed on input line 139.
(pdftex.def)             Requested size: 280.48584pt x 134.59706pt.
 [13] [14 <./design_patterns/behavioral/iterator/2__iterator.png (PNG copy)>]
<design_patterns/behavioral/observer/1__loose_coupling.png, id=67, 1072.005pt x
 830.10126pt>
File: design_patterns/behavioral/observer/1__loose_coupling.png Graphic file (t
ype png)
<use design_patterns/behavioral/observer/1__loose_coupling.png>
Package pdftex.def Info: design_patterns/behavioral/observer/1__loose_coupling.
png  used on input line 297.
(pdftex.def)             Requested size: 160.79381pt x 124.50981pt.

Overfull \hbox (0.7969pt too wide) in paragraph at lines 295--298
[]\OT1/cmr/m/n/10 This pat-tern ex-em-pli-fies the loosely cou-pling de-sign pr
in-ci-ple. Any changes
 []

[15 <./design_patterns/behavioral/observer/1__loose_coupling.png (PNG copy)>]
<design_patterns/behavioral/strategy/1_duck_with_hierarchie.png, id=71, 1970.36
125pt x 627.34375pt>
File: design_patterns/behavioral/strategy/1_duck_with_hierarchie.png Graphic fi
le (type png)
<use design_patterns/behavioral/strategy/1_duck_with_hierarchie.png>
Package pdftex.def Info: design_patterns/behavioral/strategy/1_duck_with_hierar
chie.png  used on input line 398.
(pdftex.def)             Requested size: 295.54144pt x 94.09749pt.

[16]
Overfull \hbox (6.63942pt too wide) in paragraph at lines 399--402
\OT1/cmr/m/n/10 rub-ber duck class added, how-ever rub-ber duck does not quack,
 they sqweeck.
 []

<design_patterns/behavioral/strategy/2_duck_with_interfaces.png, id=75, 1815.78
375pt x 1044.90375pt>
File: design_patterns/behavioral/strategy/2_duck_with_interfaces.png Graphic fi
le (type png)
<use design_patterns/behavioral/strategy/2_duck_with_interfaces.png>
Package pdftex.def Info: design_patterns/behavioral/strategy/2_duck_with_interf
aces.png  used on input line 404.
(pdftex.def)             Requested size: 272.3558pt x 156.72879pt.
<design_patterns/behavioral/strategy/3_duck_with_interfaces.png, id=76, 2251.41
125pt x 1089.06876pt>
File: design_patterns/behavioral/strategy/3_duck_with_interfaces.png Graphic fi
le (type png)
<use design_patterns/behavioral/strategy/3_duck_with_interfaces.png>
Package pdftex.def Info: design_patterns/behavioral/strategy/3_duck_with_interf
aces.png  used on input line 411.
(pdftex.def)             Requested size: 337.69711pt x 163.35326pt.

Overfull \hbox (17.69714pt too wide) in paragraph at lines 407--412
[] 
 []

[17 <./design_patterns/behavioral/strategy/1_duck_with_hierarchie.png (PNG copy
)> <./design_patterns/behavioral/strategy/2_duck_with_interfaces.png (PNG copy)
>]
<design_patterns/behavioral/strategy/4_strategy_pattern.png, id=80, 1748.5325pt
 x 796.9775pt>
File: design_patterns/behavioral/strategy/4_strategy_pattern.png Graphic file (
type png)
<use design_patterns/behavioral/strategy/4_strategy_pattern.png>
Package pdftex.def Info: design_patterns/behavioral/strategy/4_strategy_pattern
.png  used on input line 414.
(pdftex.def)             Requested size: 262.26855pt x 119.54146pt.
 [18 <./design_patterns/behavioral/strategy/3_duck_with_interfaces.png (PNG cop
y)> <./design_patterns/behavioral/strategy/4_strategy_pattern.png (PNG copy)>])
 (./design_patterns/structural/structural_patterns.tex
<design_patterns/structural/adapter/1_adapter_pattern.png, id=84, 1018.80624pt 
x 1008.76875pt>
File: design_patterns/structural/adapter/1_adapter_pattern.png Graphic file (ty
pe png)
<use design_patterns/structural/adapter/1_adapter_pattern.png>
Package pdftex.def Info: design_patterns/structural/adapter/1_adapter_pattern.p
ng  used on input line 17.
(pdftex.def)             Requested size: 152.81433pt x 151.30878pt.
<design_patterns/structural/adapter/2_turkey_duck_adapter.png, id=85, 946.53625
pt x 846.16125pt>
File: design_patterns/structural/adapter/2_turkey_duck_adapter.png Graphic file
 (type png)
<use design_patterns/structural/adapter/2_turkey_duck_adapter.png>
Package pdftex.def Info: design_patterns/structural/adapter/2_turkey_duck_adapt
er.png  used on input line 18.
(pdftex.def)             Requested size: 141.9743pt x 126.9187pt.
 [19]
<design_patterns/structural/composite/1__composite_pattern.png, id=90, 1912.143
75pt x 784.9325pt>
File: design_patterns/structural/composite/1__composite_pattern.png Graphic fil
e (type png)
<use design_patterns/structural/composite/1__composite_pattern.png>
Package pdftex.def Info: design_patterns/structural/composite/1__composite_patt
ern.png  used on input line 111.
(pdftex.def)             Requested size: 286.80919pt x 117.73479pt.
 [20 <./design_patterns/structural/adapter/1_adapter_pattern.png (PNG copy)> <.
/design_patterns/structural/adapter/2_turkey_duck_adapter.png (PNG copy)>] [21 
<./design_patterns/structural/composite/1__composite_pattern.png (PNG copy)>]
<design_patterns/structural/decorator/1__beverages_bad_design1.png, id=97, 1479
.5275pt x 1054.94125pt>
File: design_patterns/structural/decorator/1__beverages_bad_design1.png Graphic
 file (type png)
<use design_patterns/structural/decorator/1__beverages_bad_design1.png>
Package pdftex.def Info: design_patterns/structural/decorator/1__beverages_bad_
design1.png  used on input line 176.
(pdftex.def)             Requested size: 221.91954pt x 158.23436pt.
<design_patterns/structural/decorator/2__beverages_bad_design2.png, id=98, 1592
.95125pt x 711.65875pt>
File: design_patterns/structural/decorator/2__beverages_bad_design2.png Graphic
 file (type png)
<use design_patterns/structural/decorator/2__beverages_bad_design2.png>
Package pdftex.def Info: design_patterns/structural/decorator/2__beverages_bad_
design2.png  used on input line 177.
(pdftex.def)             Requested size: 238.93237pt x 106.7442pt.
<design_patterns/structural/decorator/3__decorator.png, id=99, 1965.3425pt x 10
20.81375pt>
File: design_patterns/structural/decorator/3__decorator.png Graphic file (type 
png)
<use design_patterns/structural/decorator/3__decorator.png>
Package pdftex.def Info: design_patterns/structural/decorator/3__decorator.png 
 used on input line 181.
(pdftex.def)             Requested size: 294.78865pt x 153.11545pt.
 [22 <./design_patterns/structural/decorator/1__beverages_bad_design1.png (PNG 
copy)> <./design_patterns/structural/decorator/2__beverages_bad_design2.png (PN
G copy)>]
<design_patterns/structural/decorator/4__beverages.png, id=103, 1524.69624pt x 
828.09375pt>
File: design_patterns/structural/decorator/4__beverages.png Graphic file (type 
png)
<use design_patterns/structural/decorator/4__beverages.png>
Package pdftex.def Info: design_patterns/structural/decorator/4__beverages.png 
 used on input line 183.
(pdftex.def)             Requested size: 228.69456pt x 124.2087pt.
 [23 <./design_patterns/structural/decorator/3__decorator.png (PNG copy)> <./de
sign_patterns/structural/decorator/4__beverages.png (PNG copy)>]) [24]
(/Users/user/CLionProjects/experimental/out/book.aux) ) 
Here is how much of TeX's memory you used:
 5254 strings out of 480608
 78421 string characters out of 5903630
 728140 words of memory out of 5000000
 21026 multiletter control sequences out of 15000+600000
 537770 words of font info for 43 fonts, out of 8000000 for 9000
 1141 hyphenation exceptions out of 8191
 36i,6n,60p,237b,1868s stack positions out of 5000i,500n,10000p,200000b,80000s
{/usr/local/texlive/2020
/texmf-dist/fonts/enc/dvips/cm-super/cm-super-ts1.enc}</usr/local/texlive/2020/
texmf-dist/fonts/type1/public/amsfonts/cm/cmbx10.pfb></usr/local/texlive/2020/t
exmf-dist/fonts/type1/public/amsfonts/cm/cmbx12.pfb></usr/local/texlive/2020/te
xmf-dist/fonts/type1/public/amsfonts/cm/cmr10.pfb></usr/local/texlive/2020/texm
f-dist/fonts/type1/public/amsfonts/cm/cmr12.pfb></usr/local/texlive/2020/texmf-
dist/fonts/type1/public/amsfonts/cm/cmr17.pfb></usr/local/texlive/2020/texmf-di
st/fonts/type1/public/amsfonts/cm/cmr5.pfb></usr/local/texlive/2020/texmf-dist/
fonts/type1/public/amsfonts/cm/cmtt8.pfb></usr/local/texlive/2020/texmf-dist/fo
nts/type1/public/cm-super/sfrm1000.pfb>
Output written on /Users/user/CLionProjects/experimental/out/book.pdf (24 pages
, 2695761 bytes).
PDF statistics:
 138 PDF objects out of 1000 (max. 8388607)
 79 compressed objects within 1 object stream
 0 named destinations out of 1000 (max. 500000)
 121 words of extra memory for PDF output out of 10000 (max. 10000000)

